<?xml version="1.0" encoding="UTF-8"?>
<!-- Generated by org.testng.reporters.JUnitXMLReporter -->
<testsuite hostname="Robins-PC" name="Default test" tests="4" failures="0" timestamp="5 Aug 2018 23:54:49 GMT" time="321.484" errors="0">
  <testcase name="TitleTest" time="0.017" classname="testngPriorityPackage.Priority_Program"/>
  <testcase name="LogoTest" time="0.069" classname="testngPriorityPackage.Priority_Program"/>
  <testcase name="LinkTest" time="0.619" classname="testngPriorityPackage.Priority_Program"/>
  <testcase name="Login" time="72.754" classname="testngPriorityPackage.Priority_Program"/>
</testsuite> <!-- Default test -->
