<?xml version="1.0" encoding="UTF-8"?>
<testng-results skipped="0" failed="0" total="4" passed="4">
  <reporter-output>
  </reporter-output>
  <suite name="Default suite" duration-ms="321484" started-at="2018-08-05T23:49:27Z" finished-at="2018-08-05T23:54:49Z">
    <groups>
    </groups>
    <test name="Default test" duration-ms="321484" started-at="2018-08-05T23:49:27Z" finished-at="2018-08-05T23:54:49Z">
      <class name="testngPriorityPackage.Priority_Program">
        <test-method status="PASS" signature="setup()[pri:0, instance:testngPriorityPackage.Priority_Program@1e8b406]" name="setup" is-config="true" duration-ms="111684" started-at="2018-08-06T05:19:27Z" finished-at="2018-08-06T05:21:19Z">
          <reporter-output>
          </reporter-output>
        </test-method> <!-- setup -->
        <test-method status="PASS" signature="TitleTest()[pri:0, instance:testngPriorityPackage.Priority_Program@1e8b406]" name="TitleTest" duration-ms="17" started-at="2018-08-06T05:21:19Z" finished-at="2018-08-06T05:21:19Z">
          <reporter-output>
          </reporter-output>
        </test-method> <!-- TitleTest -->
        <test-method status="PASS" signature="TearDown()[pri:0, instance:testngPriorityPackage.Priority_Program@1e8b406]" name="TearDown" is-config="true" duration-ms="3728" started-at="2018-08-06T05:21:19Z" finished-at="2018-08-06T05:21:23Z">
          <reporter-output>
          </reporter-output>
        </test-method> <!-- TearDown -->
        <test-method status="PASS" signature="setup()[pri:0, instance:testngPriorityPackage.Priority_Program@1e8b406]" name="setup" is-config="true" duration-ms="48496" started-at="2018-08-06T05:21:23Z" finished-at="2018-08-06T05:22:11Z">
          <reporter-output>
          </reporter-output>
        </test-method> <!-- setup -->
        <test-method status="PASS" signature="LogoTest()[pri:0, instance:testngPriorityPackage.Priority_Program@1e8b406]" name="LogoTest" duration-ms="69" started-at="2018-08-06T05:22:11Z" finished-at="2018-08-06T05:22:11Z">
          <reporter-output>
          </reporter-output>
        </test-method> <!-- LogoTest -->
        <test-method status="PASS" signature="TearDown()[pri:0, instance:testngPriorityPackage.Priority_Program@1e8b406]" name="TearDown" is-config="true" duration-ms="2776" started-at="2018-08-06T05:22:11Z" finished-at="2018-08-06T05:22:14Z">
          <reporter-output>
          </reporter-output>
        </test-method> <!-- TearDown -->
        <test-method status="PASS" signature="setup()[pri:0, instance:testngPriorityPackage.Priority_Program@1e8b406]" name="setup" is-config="true" duration-ms="56328" started-at="2018-08-06T05:22:14Z" finished-at="2018-08-06T05:23:10Z">
          <reporter-output>
          </reporter-output>
        </test-method> <!-- setup -->
        <test-method status="PASS" signature="LinkTest()[pri:0, instance:testngPriorityPackage.Priority_Program@1e8b406]" name="LinkTest" duration-ms="619" started-at="2018-08-06T05:23:10Z" finished-at="2018-08-06T05:23:11Z">
          <reporter-output>
          </reporter-output>
        </test-method> <!-- LinkTest -->
        <test-method status="PASS" signature="TearDown()[pri:0, instance:testngPriorityPackage.Priority_Program@1e8b406]" name="TearDown" is-config="true" duration-ms="2312" started-at="2018-08-06T05:23:11Z" finished-at="2018-08-06T05:23:13Z">
          <reporter-output>
          </reporter-output>
        </test-method> <!-- TearDown -->
        <test-method status="PASS" signature="setup()[pri:0, instance:testngPriorityPackage.Priority_Program@1e8b406]" name="setup" is-config="true" duration-ms="17041" started-at="2018-08-06T05:23:13Z" finished-at="2018-08-06T05:23:30Z">
          <reporter-output>
          </reporter-output>
        </test-method> <!-- setup -->
        <test-method status="PASS" signature="Login()[pri:0, instance:testngPriorityPackage.Priority_Program@1e8b406]" name="Login" duration-ms="72754" started-at="2018-08-06T05:23:30Z" finished-at="2018-08-06T05:24:43Z">
          <reporter-output>
          </reporter-output>
        </test-method> <!-- Login -->
        <test-method status="PASS" signature="TearDown()[pri:0, instance:testngPriorityPackage.Priority_Program@1e8b406]" name="TearDown" is-config="true" duration-ms="5630" started-at="2018-08-06T05:24:43Z" finished-at="2018-08-06T05:24:49Z">
          <reporter-output>
          </reporter-output>
        </test-method> <!-- TearDown -->
      </class> <!-- testngPriorityPackage.Priority_Program -->
    </test> <!-- Default test -->
  </suite> <!-- Default suite -->
</testng-results>
